<?xml version="1.0" encoding="UTF-8"?>
<!-- Generated by org.testng.reporters.JUnitReportReporter -->
<testsuite hostname="CHEN-BRajkumar" name="test.Yahootest" tests="2" failures="0" timestamp="22 Oct 2013 07:09:59 GMT" time="0.009" errors="0">
  <testcase name="testreceivemail" time="0.007" classname="test.Yahootest"/>
  <testcase name="testsendmail" time="0.002" classname="test.Yahootest"/>
</testsuite> <!-- test.Yahootest -->
