<?xml version="1.0" encoding="UTF-8"?>
<!-- Generated by org.testng.reporters.JUnitReportReporter -->
<testsuite hostname="CHEN-Spare11" name="sample" tests="2" failures="0" timestamp="17 Oct 2013 04:52:54 GMT" time="0.013" errors="0">
  <testcase name="testapp" time="0.012" classname="sample"/>
  <testcase name="testlogin" time="0.001" classname="sample"/>
</testsuite> <!-- sample -->
